<?xml version="1.0" encoding="UTF-8"?>
<testng-results skipped="8" failed="0" total="8" passed="0">
  <reporter-output>
  </reporter-output>
  <suite name="Suite" duration-ms="3476" started-at="2021-08-05T06:45:02Z" finished-at="2021-08-05T06:45:05Z">
    <groups>
    </groups>
    <test name="Test" duration-ms="3476" started-at="2021-08-05T06:45:02Z" finished-at="2021-08-05T06:45:05Z">
      <class name="org.testing.TestScripts.TC8">
        <test-method status="SKIP" signature="BrowserLaunch()[pri:0, instance:org.testing.TestScripts.TC8@35d176f7]" name="BrowserLaunch" is-config="true" duration-ms="0" started-at="2021-08-05T12:15:05Z" finished-at="2021-08-05T12:15:05Z">
          <reporter-output>
          </reporter-output>
        </test-method> <!-- BrowserLaunch -->
        <test-method status="SKIP" signature="clickLibrary()[pri:0, instance:org.testing.TestScripts.TC8@35d176f7]" name="clickLibrary" duration-ms="0" started-at="2021-08-05T12:15:05Z" finished-at="2021-08-05T12:15:05Z">
          <reporter-output>
          </reporter-output>
        </test-method> <!-- clickLibrary -->
        <test-method status="SKIP" signature="BrowserClose()[pri:0, instance:org.testing.TestScripts.TC8@35d176f7]" name="BrowserClose" is-config="true" duration-ms="0" started-at="2021-08-05T12:15:05Z" finished-at="2021-08-05T12:15:05Z">
          <reporter-output>
          </reporter-output>
        </test-method> <!-- BrowserClose -->
      </class> <!-- org.testing.TestScripts.TC8 -->
      <class name="org.testing.TestScripts.TC7">
        <test-method status="SKIP" signature="BrowserLaunch()[pri:0, instance:org.testing.TestScripts.TC7@578486a3]" name="BrowserLaunch" is-config="true" duration-ms="0" started-at="2021-08-05T12:15:05Z" finished-at="2021-08-05T12:15:05Z">
          <reporter-output>
          </reporter-output>
        </test-method> <!-- BrowserLaunch -->
        <test-method status="SKIP" signature="WatchLater()[pri:0, instance:org.testing.TestScripts.TC7@578486a3]" name="WatchLater" duration-ms="0" started-at="2021-08-05T12:15:05Z" finished-at="2021-08-05T12:15:05Z">
          <reporter-output>
          </reporter-output>
        </test-method> <!-- WatchLater -->
        <test-method status="SKIP" signature="BrowserClose()[pri:0, instance:org.testing.TestScripts.TC7@578486a3]" name="BrowserClose" is-config="true" duration-ms="0" started-at="2021-08-05T12:15:05Z" finished-at="2021-08-05T12:15:05Z">
          <reporter-output>
          </reporter-output>
        </test-method> <!-- BrowserClose -->
      </class> <!-- org.testing.TestScripts.TC7 -->
      <class name="org.testing.TestScripts.TC4">
        <test-method status="SKIP" signature="BrowserLaunch()[pri:0, instance:org.testing.TestScripts.TC4@2b552920]" name="BrowserLaunch" is-config="true" duration-ms="0" started-at="2021-08-05T12:15:05Z" finished-at="2021-08-05T12:15:05Z">
          <reporter-output>
          </reporter-output>
        </test-method> <!-- BrowserLaunch -->
        <test-method status="SKIP" signature="like()[pri:0, instance:org.testing.TestScripts.TC4@2b552920]" name="like" duration-ms="0" started-at="2021-08-05T12:15:05Z" finished-at="2021-08-05T12:15:05Z">
          <reporter-output>
          </reporter-output>
        </test-method> <!-- like -->
        <test-method status="SKIP" signature="BrowserClose()[pri:0, instance:org.testing.TestScripts.TC4@2b552920]" name="BrowserClose" is-config="true" duration-ms="0" started-at="2021-08-05T12:15:05Z" finished-at="2021-08-05T12:15:05Z">
          <reporter-output>
          </reporter-output>
        </test-method> <!-- BrowserClose -->
      </class> <!-- org.testing.TestScripts.TC4 -->
      <class name="org.testing.TestScripts.TC3">
        <test-method status="SKIP" signature="BrowserLaunch()[pri:0, instance:org.testing.TestScripts.TC3@627551fb]" name="BrowserLaunch" is-config="true" duration-ms="0" started-at="2021-08-05T12:15:05Z" finished-at="2021-08-05T12:15:05Z">
          <reporter-output>
          </reporter-output>
        </test-method> <!-- BrowserLaunch -->
        <test-method status="SKIP" signature="ClickOnSubscription()[pri:0, instance:org.testing.TestScripts.TC3@627551fb]" name="ClickOnSubscription" duration-ms="0" started-at="2021-08-05T12:15:05Z" finished-at="2021-08-05T12:15:05Z">
          <reporter-output>
          </reporter-output>
        </test-method> <!-- ClickOnSubscription -->
        <test-method status="SKIP" signature="BrowserClose()[pri:0, instance:org.testing.TestScripts.TC3@627551fb]" name="BrowserClose" is-config="true" duration-ms="0" started-at="2021-08-05T12:15:05Z" finished-at="2021-08-05T12:15:05Z">
          <reporter-output>
          </reporter-output>
        </test-method> <!-- BrowserClose -->
      </class> <!-- org.testing.TestScripts.TC3 -->
      <class name="org.testing.TestScripts.TC6">
        <test-method status="SKIP" signature="CommentOnVideo()[pri:0, instance:org.testing.TestScripts.TC6@1f36e637]" name="CommentOnVideo" duration-ms="1" started-at="2021-08-05T12:15:05Z" finished-at="2021-08-05T12:15:05Z">
          <reporter-output>
          </reporter-output>
        </test-method> <!-- CommentOnVideo -->
        <test-method status="SKIP" signature="BrowserLaunch()[pri:0, instance:org.testing.TestScripts.TC6@1f36e637]" name="BrowserLaunch" is-config="true" duration-ms="0" started-at="2021-08-05T12:15:05Z" finished-at="2021-08-05T12:15:05Z">
          <reporter-output>
          </reporter-output>
        </test-method> <!-- BrowserLaunch -->
        <test-method status="SKIP" signature="BrowserClose()[pri:0, instance:org.testing.TestScripts.TC6@1f36e637]" name="BrowserClose" is-config="true" duration-ms="0" started-at="2021-08-05T12:15:05Z" finished-at="2021-08-05T12:15:05Z">
          <reporter-output>
          </reporter-output>
        </test-method> <!-- BrowserClose -->
      </class> <!-- org.testing.TestScripts.TC6 -->
      <class name="org.testing.TestScripts.TC5">
        <test-method status="SKIP" signature="BrowserLaunch()[pri:0, instance:org.testing.TestScripts.TC5@2758fe70]" name="BrowserLaunch" is-config="true" duration-ms="0" started-at="2021-08-05T12:15:05Z" finished-at="2021-08-05T12:15:05Z">
          <reporter-output>
          </reporter-output>
        </test-method> <!-- BrowserLaunch -->
        <test-method status="SKIP" signature="SubscribeChannel()[pri:0, instance:org.testing.TestScripts.TC5@2758fe70]" name="SubscribeChannel" duration-ms="0" started-at="2021-08-05T12:15:05Z" finished-at="2021-08-05T12:15:05Z">
          <reporter-output>
          </reporter-output>
        </test-method> <!-- SubscribeChannel -->
        <test-method status="SKIP" signature="BrowserClose()[pri:0, instance:org.testing.TestScripts.TC5@2758fe70]" name="BrowserClose" is-config="true" duration-ms="0" started-at="2021-08-05T12:15:05Z" finished-at="2021-08-05T12:15:05Z">
          <reporter-output>
          </reporter-output>
        </test-method> <!-- BrowserClose -->
      </class> <!-- org.testing.TestScripts.TC5 -->
      <class name="org.testing.TestScripts.TC2">
        <test-method status="SKIP" signature="BrowserLaunch()[pri:0, instance:org.testing.TestScripts.TC2@3701eaf6]" name="BrowserLaunch" is-config="true" duration-ms="0" started-at="2021-08-05T12:15:05Z" finished-at="2021-08-05T12:15:05Z">
          <reporter-output>
          </reporter-output>
        </test-method> <!-- BrowserLaunch -->
        <test-method status="SKIP" signature="ClickOnHistory()[pri:0, instance:org.testing.TestScripts.TC2@3701eaf6]" name="ClickOnHistory" duration-ms="0" started-at="2021-08-05T12:15:05Z" finished-at="2021-08-05T12:15:05Z">
          <reporter-output>
          </reporter-output>
        </test-method> <!-- ClickOnHistory -->
        <test-method status="SKIP" signature="BrowserClose()[pri:0, instance:org.testing.TestScripts.TC2@3701eaf6]" name="BrowserClose" is-config="true" duration-ms="0" started-at="2021-08-05T12:15:05Z" finished-at="2021-08-05T12:15:05Z">
          <reporter-output>
          </reporter-output>
        </test-method> <!-- BrowserClose -->
      </class> <!-- org.testing.TestScripts.TC2 -->
      <class name="org.testing.TestScripts.TC1">
        <test-method status="FAIL" signature="BrowserLaunch()[pri:0, instance:org.testing.TestScripts.TC1@4f970963]" name="BrowserLaunch" is-config="true" duration-ms="0" started-at="2021-08-05T12:15:02Z" finished-at="2021-08-05T12:15:02Z">
          <exception class="org.openqa.selenium.SessionNotCreatedException">
            <message>
              <![CDATA[session not created: This version of ChromeDriver only supports Chrome version 90
Current browser version is 92.0.4515.131 with binary path C:\Program Files (x86)\Google\Chrome\Application\chrome.exe
  (Driver info: chromedriver=90.0.4430.24 (4c6d850f087da467d926e8eddb76550aed655991-refs/branch-heads/4430@{#429}),platform=Windows NT 10.0.19042 x86_64) (WARNING: The server did not provide any stacktrace information)
Command duration or timeout: 1.86 seconds
Build info: version: '2.48.2', revision: '41bccdd', time: '2015-10-09 19:55:52'
System info: host: 'LAPTOP-JTGB8L8M', ip: '192.168.29.11', os.name: 'Windows 10', os.arch: 'amd64', os.version: '10.0', java.version: '1.8.0_101'
Driver info: org.openqa.selenium.chrome.ChromeDriver]]>
            </message>
            <full-stacktrace>
              <![CDATA[org.openqa.selenium.SessionNotCreatedException: session not created: This version of ChromeDriver only supports Chrome version 90
Current browser version is 92.0.4515.131 with binary path C:\Program Files (x86)\Google\Chrome\Application\chrome.exe
  (Driver info: chromedriver=90.0.4430.24 (4c6d850f087da467d926e8eddb76550aed655991-refs/branch-heads/4430@{#429}),platform=Windows NT 10.0.19042 x86_64) (WARNING: The server did not provide any stacktrace information)
Command duration or timeout: 1.86 seconds
Build info: version: '2.48.2', revision: '41bccdd', time: '2015-10-09 19:55:52'
System info: host: 'LAPTOP-JTGB8L8M', ip: '192.168.29.11', os.name: 'Windows 10', os.arch: 'amd64', os.version: '10.0', java.version: '1.8.0_101'
Driver info: org.openqa.selenium.chrome.ChromeDriver
	at sun.reflect.NativeConstructorAccessorImpl.newInstance0(Native Method)
	at sun.reflect.NativeConstructorAccessorImpl.newInstance(Unknown Source)
	at sun.reflect.DelegatingConstructorAccessorImpl.newInstance(Unknown Source)
	at java.lang.reflect.Constructor.newInstance(Unknown Source)
	at org.openqa.selenium.remote.ErrorHandler.createThrowable(ErrorHandler.java:206)
	at org.openqa.selenium.remote.ErrorHandler.throwIfResponseFailed(ErrorHandler.java:158)
	at org.openqa.selenium.remote.RemoteWebDriver.execute(RemoteWebDriver.java:647)
	at org.openqa.selenium.remote.RemoteWebDriver.startSession(RemoteWebDriver.java:247)
	at org.openqa.selenium.remote.RemoteWebDriver.<init>(RemoteWebDriver.java:129)
	at org.openqa.selenium.remote.RemoteWebDriver.<init>(RemoteWebDriver.java:142)
	at org.openqa.selenium.chrome.ChromeDriver.<init>(ChromeDriver.java:170)
	at org.openqa.selenium.chrome.ChromeDriver.<init>(ChromeDriver.java:159)
	at org.openqa.selenium.chrome.ChromeDriver.<init>(ChromeDriver.java:116)
	at org.testing.Base.BaseClass.BrowserLaunch(BaseClass.java:21)
	at sun.reflect.NativeMethodAccessorImpl.invoke0(Native Method)
	at sun.reflect.NativeMethodAccessorImpl.invoke(Unknown Source)
	at sun.reflect.DelegatingMethodAccessorImpl.invoke(Unknown Source)
	at java.lang.reflect.Method.invoke(Unknown Source)
	at org.testng.internal.MethodInvocationHelper.invokeMethod(MethodInvocationHelper.java:85)
	at org.testng.internal.Invoker.invokeConfigurationMethod(Invoker.java:510)
	at org.testng.internal.Invoker.invokeConfigurations(Invoker.java:211)
	at org.testng.internal.Invoker.invokeMethod(Invoker.java:585)
	at org.testng.internal.Invoker.invokeTestMethod(Invoker.java:821)
	at org.testng.internal.Invoker.invokeTestMethods(Invoker.java:1131)
	at org.testng.internal.TestMethodWorker.invokeTestMethods(TestMethodWorker.java:124)
	at org.testng.internal.TestMethodWorker.run(TestMethodWorker.java:108)
	at org.testng.TestRunner.privateRun(TestRunner.java:773)
	at org.testng.TestRunner.run(TestRunner.java:623)
	at org.testng.SuiteRunner.runTest(SuiteRunner.java:357)
	at org.testng.SuiteRunner.runSequentially(SuiteRunner.java:352)
	at org.testng.SuiteRunner.privateRun(SuiteRunner.java:310)
	at org.testng.SuiteRunner.run(SuiteRunner.java:259)
	at org.testng.SuiteRunnerWorker.runSuite(SuiteRunnerWorker.java:52)
	at org.testng.SuiteRunnerWorker.run(SuiteRunnerWorker.java:86)
	at org.testng.TestNG.runSuitesSequentially(TestNG.java:1185)
	at org.testng.TestNG.runSuitesLocally(TestNG.java:1110)
	at org.testng.TestNG.run(TestNG.java:1018)
	at org.testng.remote.AbstractRemoteTestNG.run(AbstractRemoteTestNG.java:126)
	at org.testng.remote.RemoteTestNG.initAndRun(RemoteTestNG.java:137)
	at org.testng.remote.RemoteTestNG.main(RemoteTestNG.java:58)
]]>
            </full-stacktrace>
          </exception> <!-- org.openqa.selenium.SessionNotCreatedException -->
          <reporter-output>
          </reporter-output>
        </test-method> <!-- BrowserLaunch -->
        <test-method status="SKIP" signature="trending()[pri:0, instance:org.testing.TestScripts.TC1@4f970963]" name="trending" duration-ms="1" started-at="2021-08-05T12:15:05Z" finished-at="2021-08-05T12:15:05Z">
          <reporter-output>
          </reporter-output>
        </test-method> <!-- trending -->
        <test-method status="SKIP" signature="BrowserClose()[pri:0, instance:org.testing.TestScripts.TC1@4f970963]" name="BrowserClose" is-config="true" duration-ms="0" started-at="2021-08-05T12:15:05Z" finished-at="2021-08-05T12:15:05Z">
          <reporter-output>
          </reporter-output>
        </test-method> <!-- BrowserClose -->
      </class> <!-- org.testing.TestScripts.TC1 -->
    </test> <!-- Test -->
  </suite> <!-- Suite -->
</testng-results>
