<?xml version="1.0" encoding="UTF-8"?>
<!-- Generated by org.testng.reporters.JUnitXMLReporter -->
<testsuite hostname="LAPTOP-JTGB8L8M" name="Default test" tests="3" failures="0" timestamp="4 Jul 2021 07:53:43 GMT" time="22.651" errors="0">
  <testcase name="testcase" time="7.827" classname="org.testing.TestScripts.DataProviderTest"/>
  <testcase name="testcase" time="7.34" classname="org.testing.TestScripts.DataProviderTest"/>
  <testcase name="testcase" time="7.402" classname="org.testing.TestScripts.DataProviderTest"/>
</testsuite> <!-- Default test -->
